# JRE version: Java(TM) SE Runtime Environment (8.0_172-b25) (build 1.8.0_172-b25)
# Java VM: Java HotSpot(TM) 64-Bit Server VM (25.172-b25 mixed mode windows-amd64 compressed oops)
Heap:
 PSYoungGen      total 127488K, used 40974K [0x00000000eb300000, 0x00000000f5f00000, 0x0000000100000000)
  eden space 108032K, 22% used [0x00000000eb300000,0x00000000ecad4db8,0x00000000f1c80000)
  from space 19456K, 85% used [0x00000000f1c80000,0x00000000f2caede8,0x00000000f2f80000)
  to   space 21504K, 0% used [0x00000000f4a00000,0x00000000f4a00000,0x00000000f5f00000)
 ParOldGen       total 101376K, used 58016K [0x00000000c1800000, 0x00000000c7b00000, 0x00000000eb300000)
  object space 101376K, 57% used [0x00000000c1800000,0x00000000c50a8060,0x00000000c7b00000)
 Metaspace       used 39665K, capacity 41168K, committed 41472K, reserved 1085440K
  class space    used 5052K, capacity 5317K, committed 5376K, reserved 1048576K
GC Heap History (10 events):
Event: 38.727 GC heap before
{Heap before GC invocations=22 (full 2):
 PSYoungGen      total 87552K, used 82209K [0x00000000eb300000, 0x00000000f2500000, 0x0000000100000000)
  eden space 77824K, 99% used [0x00000000eb300000,0x00000000efefc898,0x00000000eff00000)
  from space 9728K, 45% used [0x00000000eff00000,0x00000000f034bf28,0x00000000f0880000)
  to   space 9216K, 0% used [0x00000000f1c00000,0x00000000f1c00000,0x00000000f2500000)
 ParOldGen       total 55296K, used 21081K [0x00000000c1800000, 0x00000000c4e00000, 0x00000000eb300000)
  object space 55296K, 38% used [0x00000000c1800000,0x00000000c2c96660,0x00000000c4e00000)
 Metaspace       used 34476K, capacity 35890K, committed 36224K, reserved 1081344K
  class space    used 4357K, capacity 4622K, committed 4736K, reserved 1048576K
Event: 38.745 GC heap after
Heap after GC invocations=22 (full 2):
 PSYoungGen      total 105472K, used 8108K [0x00000000eb300000, 0x00000000f2500000, 0x0000000100000000)
  eden space 96256K, 0% used [0x00000000eb300000,0x00000000eb300000,0x00000000f1100000)
  from space 9216K, 87% used [0x00000000f1c00000,0x00000000f23eb318,0x00000000f2500000)
  to   space 10240K, 0% used [0x00000000f1100000,0x00000000f1100000,0x00000000f1b00000)
 ParOldGen       total 55296K, used 23577K [0x00000000c1800000, 0x00000000c4e00000, 0x00000000eb300000)
  object space 55296K, 42% used [0x00000000c1800000,0x00000000c2f06670,0x00000000c4e00000)
 Metaspace       used 34476K, capacity 35890K, committed 36224K, reserved 1081344K
  class space    used 4357K, capacity 4622K, committed 4736K, reserved 1048576K
}
Event: 41.729 GC heap before
{Heap before GC invocations=23 (full 2):
 PSYoungGen      total 105472K, used 104364K [0x00000000eb300000, 0x00000000f2500000, 0x0000000100000000)
  eden space 96256K, 100% used [0x00000000eb300000,0x00000000f1100000,0x00000000f1100000)
  from space 9216K, 87% used [0x00000000f1c00000,0x00000000f23eb318,0x00000000f2500000)
  to   space 10240K, 0% used [0x00000000f1100000,0x00000000f1100000,0x00000000f1b00000)
 ParOldGen       total 55296K, used 23577K [0x00000000c1800000, 0x00000000c4e00000, 0x00000000eb300000)
  object space 55296K, 42% used [0x00000000c1800000,0x00000000c2f06670,0x00000000c4e00000)
 Metaspace       used 36697K, capacity 38102K, committed 38272K, reserved 1083392K
  class space    used 4683K, capacity 4950K, committed 4992K, reserved 1048576K
Event: 41.737 GC heap after
Heap after GC invocations=23 (full 2):
 PSYoungGen      total 106496K, used 2277K [0x00000000eb300000, 0x00000000f3980000, 0x0000000100000000)
  eden space 96256K, 0% used [0x00000000eb300000,0x00000000eb300000,0x00000000f1100000)
  from space 10240K, 22% used [0x00000000f1100000,0x00000000f13396f8,0x00000000f1b00000)
  to   space 10240K, 0% used [0x00000000f2f80000,0x00000000f2f80000,0x00000000f3980000)
 ParOldGen       total 55296K, used 29640K [0x00000000c1800000, 0x00000000c4e00000, 0x00000000eb300000)
  object space 55296K, 53% used [0x00000000c1800000,0x00000000c34f2228,0x00000000c4e00000)
 Metaspace       used 36697K, capacity 38102K, committed 38272K, reserved 1083392K
  class space    used 4683K, capacity 4950K, committed 4992K, reserved 1048576K
}
Event: 42.513 GC heap before
{Heap before GC invocations=24 (full 2):
 PSYoungGen      total 106496K, used 98533K [0x00000000eb300000, 0x00000000f3980000, 0x0000000100000000)
  eden space 96256K, 100% used [0x00000000eb300000,0x00000000f1100000,0x00000000f1100000)
  from space 10240K, 22% used [0x00000000f1100000,0x00000000f13396f8,0x00000000f1b00000)
  to   space 10240K, 0% used [0x00000000f2f80000,0x00000000f2f80000,0x00000000f3980000)
 ParOldGen       total 55296K, used 29640K [0x00000000c1800000, 0x00000000c4e00000, 0x00000000eb300000)
  object space 55296K, 53% used [0x00000000c1800000,0x00000000c34f2228,0x00000000c4e00000)
 Metaspace       used 38107K, capacity 39566K, committed 39680K, reserved 1083392K
  class space    used 4842K, capacity 5114K, committed 5120K, reserved 1048576K
Event: 42.543 GC heap after
Heap after GC invocations=24 (full 2):
 PSYoungGen      total 118272K, used 10223K [0x00000000eb300000, 0x00000000f5100000, 0x0000000100000000)
  eden space 108032K, 0% used [0x00000000eb300000,0x00000000eb300000,0x00000000f1c80000)
  from space 10240K, 99% used [0x00000000f2f80000,0x00000000f397bf50,0x00000000f3980000)
  to   space 19456K, 0% used [0x00000000f1c80000,0x00000000f1c80000,0x00000000f2f80000)
 ParOldGen       total 55296K, used 50192K [0x00000000c1800000, 0x00000000c4e00000, 0x00000000eb300000)
  object space 55296K, 90% used [0x00000000c1800000,0x00000000c49042a8,0x00000000c4e00000)
 Metaspace       used 38107K, capacity 39566K, committed 39680K, reserved 1083392K
  class space    used 4842K, capacity 5114K, committed 5120K, reserved 1048576K
}
Event: 42.543 GC heap before
{Heap before GC invocations=25 (full 3):
 PSYoungGen      total 118272K, used 10223K [0x00000000eb300000, 0x00000000f5100000, 0x0000000100000000)
  eden space 108032K, 0% used [0x00000000eb300000,0x00000000eb300000,0x00000000f1c80000)
  from space 10240K, 99% used [0x00000000f2f80000,0x00000000f397bf50,0x00000000f3980000)
  to   space 19456K, 0% used [0x00000000f1c80000,0x00000000f1c80000,0x00000000f2f80000)
 ParOldGen       total 55296K, used 50192K [0x00000000c1800000, 0x00000000c4e00000, 0x00000000eb300000)
  object space 55296K, 90% used [0x00000000c1800000,0x00000000c49042a8,0x00000000c4e00000)
 Metaspace       used 38107K, capacity 39566K, committed 39680K, reserved 1083392K
  class space    used 4842K, capacity 5114K, committed 5120K, reserved 1048576K
Event: 42.806 GC heap after
Heap after GC invocations=25 (full 3):
 PSYoungGen      total 118272K, used 3047K [0x00000000eb300000, 0x00000000f5100000, 0x0000000100000000)
  eden space 108032K, 0% used [0x00000000eb300000,0x00000000eb300000,0x00000000f1c80000)
  from space 10240K, 29% used [0x00000000f2f80000,0x00000000f3279f10,0x00000000f3980000)
  to   space 19456K, 0% used [0x00000000f1c80000,0x00000000f1c80000,0x00000000f2f80000)
 ParOldGen       total 101376K, used 54920K [0x00000000c1800000, 0x00000000c7b00000, 0x00000000eb300000)
  object space 101376K, 54% used [0x00000000c1800000,0x00000000c4da2060,0x00000000c7b00000)
 Metaspace       used 38107K, capacity 39566K, committed 39680K, reserved 1083392K
  class space    used 4842K, capacity 5114K, committed 5120K, reserved 1048576K
}
Event: 47.558 GC heap before
{Heap before GC invocations=26 (full 3):
 PSYoungGen      total 118272K, used 111079K [0x00000000eb300000, 0x00000000f5100000, 0x0000000100000000)
  eden space 108032K, 100% used [0x00000000eb300000,0x00000000f1c80000,0x00000000f1c80000)
  from space 10240K, 29% used [0x00000000f2f80000,0x00000000f3279f10,0x00000000f3980000)
  to   space 19456K, 0% used [0x00000000f1c80000,0x00000000f1c80000,0x00000000f2f80000)
 ParOldGen       total 101376K, used 54920K [0x00000000c1800000, 0x00000000c7b00000, 0x00000000eb300000)
  object space 101376K, 54% used [0x00000000c1800000,0x00000000c4da2060,0x00000000c7b00000)
 Metaspace       used 38884K, capacity 40350K, committed 40576K, reserved 1085440K
  class space    used 4930K, capacity 5218K, committed 5248K, reserved 1048576K
Event: 47.591 GC heap after
Heap after GC invocations=26 (full 3):
 PSYoungGen      total 127488K, used 16571K [0x00000000eb300000, 0x00000000f5f00000, 0x0000000100000000)
  eden space 108032K, 0% used [0x00000000eb300000,0x00000000eb300000,0x00000000f1c80000)
  from space 19456K, 85% used [0x00000000f1c80000,0x00000000f2caede8,0x00000000f2f80000)
  to   space 21504K, 0% used [0x00000000f4a00000,0x00000000f4a00000,0x00000000f5f00000)
 ParOldGen       total 101376K, used 58016K [0x00000000c1800000, 0x00000000c7b00000, 0x00000000eb300000)
  object space 101376K, 57% used [0x00000000c1800000,0x00000000c50a8060,0x00000000c7b00000)
 Metaspace       used 38884K, capacity 40350K, committed 40576K, reserved 1085440K
  class space    used 4930K, capacity 5218K, committed 5248K, reserved 1048576K
}

